Not searching for unused variables given on the command line.
[36m--[0m The C compiler identification is GNU 9.4.0
[36m--[0m The CXX compiler identification is GNU 9.4.0
[36m--[0m Check for working C compiler: /usr/bin/cc
[36m--[0m Check for working C compiler: /usr/bin/cc -- works
[36m--[0m Detecting C compiler ABI info
[36m--[0m Detecting C compiler ABI info - done
[36m--[0m Detecting C compile features
[36m--[0m Detecting C compile features - done
[36m--[0m Check for working CXX compiler: /usr/bin/c++
[36m--[0m Check for working CXX compiler: /usr/bin/c++ -- works
[36m--[0m Detecting CXX compiler ABI info
[36m--[0m Detecting CXX compiler ABI info - done
[36m--[0m Detecting CXX compile features
[36m--[0m Detecting CXX compile features - done
[36m--[0m ======================  !Flightmare!  ======================
[36m--[0m ======> Setup Dependencies
[36m--[0m Getting Eigen...
Cloning into 'eigen3'...
Note: switching to '3.3.4'.

You are in 'detached HEAD' state. You can look around, make experimental
changes and commit them, and you can discard any commits you make in this
state without impacting any branches by switching back to a branch.

If you want to create a new branch to retain commits you create, you may
do so (now or later) by using -c with the switch command. Example:

  git switch -c <new-branch-name>

Or undo this operation with:

  git switch -

Turn off this advice by setting config variable advice.detachedHead to false

HEAD is now at 3dc3a0ea2 bump to 3.3.4
[36m--[0m Eigen downloaded!
[36m--[0m Eigen3 include dir: /home/golnaz/test/icra22_competition_ws/src/agile_flight/flightmare/flightlib/externals/eigen/eigen3
[36m--[0m Found OpenCV: /usr (found version "4.2.0")
Opencv Version 4.2.0
[36m--[0m Found OpenMP_C: -fopenmp (found version "4.5")
[36m--[0m Found OpenMP_CXX: -fopenmp (found version "4.5")
[36m--[0m Found OpenMP: TRUE (found version "4.5")
[36m--[0m ======> Setup Compilation
[36m--[0m Enabling fast optimization flags!
[36m--[0m The activated CXX RELEASE configuration is:
 -fdiagnostics-color -fPIC -Wall -DNDEBUG  -fopenmp  -O2  -march=native
[36m--[0m The activated CXX DEBUG configuration is:
 -fdiagnostics-color -fPIC -Wall -g -fopenmp
[36m--[0m ======>  Setup Build
[36m--[0m ======>  Building with -- catkin --
[36m--[0m Using CATKIN_DEVEL_PREFIX: /home/golnaz/test/icra22_competition_ws/devel
[36m--[0m Using CMAKE_PREFIX_PATH: /home/golnaz/test/icra22_competition_ws/devel;/opt/ros/noetic
[36m--[0m This workspace overlays: /home/golnaz/test/icra22_competition_ws/devel;/opt/ros/noetic
[36m--[0m Found PythonInterp: /usr/bin/python3 (found suitable version "3.8.10", minimum required is "3")
[36m--[0m Using PYTHON_EXECUTABLE: /usr/bin/python3
[36m--[0m Using Debian Python package layout
[36m--[0m Found PY_em: /usr/lib/python3/dist-packages/em.py
[36m--[0m Using empy: /usr/lib/python3/dist-packages/em.py
[36m--[0m Using CATKIN_ENABLE_TESTING: ON
[36m--[0m Call enable_testing()
[36m--[0m Using CATKIN_TEST_RESULTS_DIR: /home/golnaz/test/icra22_competition_ws/build/flightlib/test_results
[36m--[0m Forcing gtest/gmock from source, though one was otherwise available.
[36m--[0m Found gtest sources under '/usr/src/googletest': gtests will be built
[36m--[0m Found gmock sources under '/usr/src/googletest': gmock will be built
[36m--[0m Found PythonInterp: /usr/bin/python3 (found version "3.8.10")
[36m--[0m Found Threads: TRUE
[36m--[0m Using Python nosetests: /usr/bin/nosetests3
[36m--[0m catkin 0.8.10
[36m--[0m BUILD_SHARED_LIBS is on
[36m--[0m Marking SHARED_LIBRARY "flightlib" of package "flightlib" for installation
[36m--[0m Marking HEADER FILES in "include" folder of package "flightlib" for installation
[36m--[0m Configuring done
[36m--[0m Generating done
[36m--[0m Build files have been written to: /home/golnaz/test/icra22_competition_ws/build/flightlib
