[35m[1mScanning dependencies of target geometry_msgs_generate_messages_py[0m
[35m[1mScanning dependencies of target std_msgs_generate_messages_nodejs[0m
[35m[1mScanning dependencies of target std_msgs_generate_messages_cpp[0m
[35m[1mScanning dependencies of target std_msgs_generate_messages_py[0m
[35m[1mScanning dependencies of target std_msgs_generate_messages_eus[0m
[35m[1mScanning dependencies of target geometry_msgs_generate_messages_nodejs[0m
[35m[1mScanning dependencies of target geometry_msgs_generate_messages_lisp[0m
[35m[1mScanning dependencies of target std_msgs_generate_messages_lisp[0m
[35m[1mScanning dependencies of target geometry_msgs_generate_messages_cpp[0m
[35m[1mScanning dependencies of target _envsim_msgs_generate_messages_check_deps_Obstacle[0m
[35m[1mScanning dependencies of target geometry_msgs_generate_messages_eus[0m
[35m[1mScanning dependencies of target _envsim_msgs_generate_messages_check_deps_ObstacleArray[0m
[  0%] Built target std_msgs_generate_messages_lisp
[  0%] Built target geometry_msgs_generate_messages_cpp
[  0%] Built target std_msgs_generate_messages_cpp
[  0%] Built target std_msgs_generate_messages_nodejs
[  0%] Built target geometry_msgs_generate_messages_lisp
[  0%] Built target geometry_msgs_generate_messages_nodejs
[  0%] Built target geometry_msgs_generate_messages_py
[  0%] Built target std_msgs_generate_messages_py
[  0%] Built target std_msgs_generate_messages_eus
[  0%] Built target geometry_msgs_generate_messages_eus
[  0%] Built target _envsim_msgs_generate_messages_check_deps_ObstacleArray
[  0%] Built target _envsim_msgs_generate_messages_check_deps_Obstacle
[35m[1mScanning dependencies of target envsim_msgs_generate_messages_cpp[0m
[35m[1mScanning dependencies of target envsim_msgs_generate_messages_py[0m
[35m[1mScanning dependencies of target envsim_msgs_generate_messages_lisp[0m
[35m[1mScanning dependencies of target envsim_msgs_generate_messages_nodejs[0m
[35m[1mScanning dependencies of target envsim_msgs_generate_messages_eus[0m
[ 25%] [34m[1mGenerating Python from MSG envsim_msgs/Obstacle[0m
[ 25%] [34m[1mGenerating Lisp code from envsim_msgs/ObstacleArray.msg[0m
[ 25%] [34m[1mGenerating Javascript code from envsim_msgs/ObstacleArray.msg[0m
[ 33%] [34m[1mGenerating EusLisp code from envsim_msgs/Obstacle.msg[0m
[ 41%] [34m[1mGenerating C++ code from envsim_msgs/Obstacle.msg[0m
[ 50%] [34m[1mGenerating Python from MSG envsim_msgs/ObstacleArray[0m
[ 58%] [34m[1mGenerating C++ code from envsim_msgs/ObstacleArray.msg[0m
[ 75%] [34m[1mGenerating Javascript code from envsim_msgs/Obstacle.msg[0m
[ 75%] [34m[1mGenerating Lisp code from envsim_msgs/Obstacle.msg[0m
[ 83%] [34m[1mGenerating EusLisp code from envsim_msgs/ObstacleArray.msg[0m
[ 91%] [34m[1mGenerating EusLisp manifest code for envsim_msgs[0m
[ 91%] Built target envsim_msgs_generate_messages_nodejs
[ 91%] Built target envsim_msgs_generate_messages_lisp
[ 91%] Built target envsim_msgs_generate_messages_cpp
[100%] [34m[1mGenerating Python msg __init__.py for envsim_msgs[0m
[100%] Built target envsim_msgs_generate_messages_py
[100%] Built target envsim_msgs_generate_messages_eus
[35m[1mScanning dependencies of target envsim_msgs_generate_messages[0m
[100%] Built target envsim_msgs_generate_messages
