[35m[1mScanning dependencies of target _dodgeros_msgs_generate_messages_check_deps_UInt8Stamped[0m
[35m[1mScanning dependencies of target _dodgeros_msgs_generate_messages_check_deps_Setpoint[0m
[  0%] Built target _dodgeros_msgs_generate_messages_check_deps_UInt8Stamped
[35m[1mScanning dependencies of target _dodgeros_msgs_generate_messages_check_deps_RotorFeedbackStamped[0m
[  0%] Built target _dodgeros_msgs_generate_messages_check_deps_Setpoint
[35m[1mScanning dependencies of target std_msgs_generate_messages_cpp[0m
[  0%] Built target std_msgs_generate_messages_cpp
[35m[1mScanning dependencies of target geometry_msgs_generate_messages_cpp[0m
[  0%] Built target geometry_msgs_generate_messages_cpp
[  0%] Built target _dodgeros_msgs_generate_messages_check_deps_RotorFeedbackStamped
[35m[1mScanning dependencies of target _dodgeros_msgs_generate_messages_check_deps_QuadState[0m
[  0%] Built target _dodgeros_msgs_generate_messages_check_deps_QuadState
[35m[1mScanning dependencies of target _dodgeros_msgs_generate_messages_check_deps_Reference[0m
[  0%] Built target _dodgeros_msgs_generate_messages_check_deps_Reference
[35m[1mScanning dependencies of target _dodgeros_msgs_generate_messages_check_deps_DebugMsg[0m
[  0%] Built target _dodgeros_msgs_generate_messages_check_deps_DebugMsg
[35m[1mScanning dependencies of target nav_msgs_generate_messages_cpp[0m
[  0%] Built target nav_msgs_generate_messages_cpp
[35m[1mScanning dependencies of target _dodgeros_msgs_generate_messages_check_deps_Telemetry[0m
[  0%] Built target _dodgeros_msgs_generate_messages_check_deps_Telemetry
[35m[1mScanning dependencies of target _dodgeros_msgs_generate_messages_check_deps_Command[0m
[  0%] Built target _dodgeros_msgs_generate_messages_check_deps_Command
[35m[1mScanning dependencies of target nav_msgs_generate_messages_py[0m
[  0%] Built target nav_msgs_generate_messages_py
[35m[1mScanning dependencies of target geometry_msgs_generate_messages_py[0m
[  0%] Built target geometry_msgs_generate_messages_py
[35m[1mScanning dependencies of target std_msgs_generate_messages_py[0m
[  0%] Built target std_msgs_generate_messages_py
[35m[1mScanning dependencies of target std_msgs_generate_messages_lisp[0m
[  0%] Built target std_msgs_generate_messages_lisp
[35m[1mScanning dependencies of target nav_msgs_generate_messages_lisp[0m
[  0%] Built target nav_msgs_generate_messages_lisp
[35m[1mScanning dependencies of target geometry_msgs_generate_messages_lisp[0m
[  0%] Built target geometry_msgs_generate_messages_lisp
[35m[1mScanning dependencies of target std_msgs_generate_messages_eus[0m
[  0%] Built target std_msgs_generate_messages_eus
[35m[1mScanning dependencies of target geometry_msgs_generate_messages_eus[0m
[  0%] Built target geometry_msgs_generate_messages_eus
[35m[1mScanning dependencies of target nav_msgs_generate_messages_eus[0m
[  0%] Built target nav_msgs_generate_messages_eus
[35m[1mScanning dependencies of target geometry_msgs_generate_messages_nodejs[0m
[  0%] Built target geometry_msgs_generate_messages_nodejs
[35m[1mScanning dependencies of target std_msgs_generate_messages_nodejs[0m
[  0%] Built target std_msgs_generate_messages_nodejs
[35m[1mScanning dependencies of target nav_msgs_generate_messages_nodejs[0m
[  0%] Built target nav_msgs_generate_messages_nodejs
[35m[1mScanning dependencies of target dodgeros_msgs_generate_messages_cpp[0m
[  2%] [34m[1mGenerating C++ code from dodgeros_msgs/Command.msg[0m
[  4%] [34m[1mGenerating C++ code from dodgeros_msgs/DebugMsg.msg[0m
[  7%] [34m[1mGenerating C++ code from dodgeros_msgs/QuadState.msg[0m
[  9%] [34m[1mGenerating C++ code from dodgeros_msgs/Reference.msg[0m
[ 11%] [34m[1mGenerating C++ code from dodgeros_msgs/RotorFeedbackStamped.msg[0m
[ 14%] [34m[1mGenerating C++ code from dodgeros_msgs/Setpoint.msg[0m
[ 16%] [34m[1mGenerating C++ code from dodgeros_msgs/Telemetry.msg[0m
[ 19%] [34m[1mGenerating C++ code from dodgeros_msgs/UInt8Stamped.msg[0m
[ 19%] Built target dodgeros_msgs_generate_messages_cpp
[35m[1mScanning dependencies of target dodgeros_msgs_generate_messages_py[0m
[ 21%] [34m[1mGenerating Python from MSG dodgeros_msgs/Command[0m
[ 23%] [34m[1mGenerating Python from MSG dodgeros_msgs/DebugMsg[0m
[ 26%] [34m[1mGenerating Python from MSG dodgeros_msgs/QuadState[0m
[ 28%] [34m[1mGenerating Python from MSG dodgeros_msgs/Reference[0m
[35m[1mScanning dependencies of target dodgeros_msgs_generate_messages_lisp[0m
[ 30%] [34m[1mGenerating Lisp code from dodgeros_msgs/Command.msg[0m
[ 33%] [34m[1mGenerating Lisp code from dodgeros_msgs/DebugMsg.msg[0m
[ 35%] [34m[1mGenerating Lisp code from dodgeros_msgs/QuadState.msg[0m
[ 38%] [34m[1mGenerating Lisp code from dodgeros_msgs/Reference.msg[0m
[ 40%] [34m[1mGenerating Python from MSG dodgeros_msgs/RotorFeedbackStamped[0m
[ 42%] [34m[1mGenerating Lisp code from dodgeros_msgs/RotorFeedbackStamped.msg[0m
[ 45%] [34m[1mGenerating Lisp code from dodgeros_msgs/Setpoint.msg[0m
[35m[1mScanning dependencies of target dodgeros_msgs_generate_messages_eus[0m
[ 47%] [34m[1mGenerating Lisp code from dodgeros_msgs/Telemetry.msg[0m
[ 50%] [34m[1mGenerating EusLisp code from dodgeros_msgs/Command.msg[0m
[ 52%] [34m[1mGenerating Python from MSG dodgeros_msgs/Setpoint[0m
[ 54%] [34m[1mGenerating EusLisp code from dodgeros_msgs/DebugMsg.msg[0m
[ 57%] [34m[1mGenerating Lisp code from dodgeros_msgs/UInt8Stamped.msg[0m
[ 57%] Built target dodgeros_msgs_generate_messages_lisp
[35m[1mScanning dependencies of target dodgeros_msgs_generate_messages_nodejs[0m
[ 59%] [34m[1mGenerating EusLisp code from dodgeros_msgs/QuadState.msg[0m
[ 61%] [34m[1mGenerating Javascript code from dodgeros_msgs/Command.msg[0m
[ 64%] [34m[1mGenerating EusLisp code from dodgeros_msgs/Reference.msg[0m
[ 66%] [34m[1mGenerating Python from MSG dodgeros_msgs/Telemetry[0m
[ 69%] [34m[1mGenerating Javascript code from dodgeros_msgs/DebugMsg.msg[0m
[ 71%] [34m[1mGenerating Javascript code from dodgeros_msgs/QuadState.msg[0m
[ 73%] [34m[1mGenerating EusLisp code from dodgeros_msgs/RotorFeedbackStamped.msg[0m
[ 76%] [34m[1mGenerating Javascript code from dodgeros_msgs/Reference.msg[0m
[ 78%] [34m[1mGenerating Javascript code from dodgeros_msgs/RotorFeedbackStamped.msg[0m
[ 80%] [34m[1mGenerating EusLisp code from dodgeros_msgs/Setpoint.msg[0m
[ 83%] [34m[1mGenerating EusLisp code from dodgeros_msgs/Telemetry.msg[0m
[ 85%] [34m[1mGenerating Python from MSG dodgeros_msgs/UInt8Stamped[0m
[ 88%] [34m[1mGenerating Javascript code from dodgeros_msgs/Setpoint.msg[0m
[ 90%] [34m[1mGenerating EusLisp code from dodgeros_msgs/UInt8Stamped.msg[0m
[ 92%] [34m[1mGenerating Javascript code from dodgeros_msgs/Telemetry.msg[0m
[ 95%] [34m[1mGenerating Python msg __init__.py for dodgeros_msgs[0m
[ 97%] [34m[1mGenerating Javascript code from dodgeros_msgs/UInt8Stamped.msg[0m
[100%] [34m[1mGenerating EusLisp manifest code for dodgeros_msgs[0m
[100%] Built target dodgeros_msgs_generate_messages_py
[100%] Built target dodgeros_msgs_generate_messages_nodejs
[100%] Built target dodgeros_msgs_generate_messages_eus
[35m[1mScanning dependencies of target dodgeros_msgs_generate_messages[0m
[100%] Built target dodgeros_msgs_generate_messages
